

Azure Functions Core Tools
Core Tools Version:       4.8.0+ec58eb7110992ea02aa19e9c060e45ac8882cc02 (64-bit)
Function Runtime Version: 4.1046.100.25610

[2026-03-19T01:30:29.487Z] Worker process started and initialized.

Functions:

	CreateProblem: [POST] http://localhost:7074/api/problems

	CreateProposal: [POST] http://localhost:7074/api/problems/{id}/proposals

	DeleteProblem: [DELETE] http://localhost:7074/api/problems/{id}

	GetLeaderboard: [GET] http://localhost:7074/api/leaderboard

	GetProblemById: [GET] http://localhost:7074/api/problems/{id}

	GetProblems: [GET] http://localhost:7074/api/problems

	GetProposals: [GET] http://localhost:7074/api/problems/{id}/proposals

	GetUserProblems: [GET] http://localhost:7074/api/user/problems

	GetUserProposals: [GET] http://localhost:7074/api/user/proposals

	PythonFunction: [GET,POST,PUT,DELETE,PATCH] http://localhost:7074/api/{route:regex(^(problems|user).*)?}

	RemoveUpvote: [DELETE] http://localhost:7074/api/problems/{id}/upvote

	SearchProblems: [GET] http://localhost:7074/api/problems/search

	TipBuilder: [POST] http://localhost:7074/api/proposals/{id}/tip

	UpdateProblem: [PUT] http://localhost:7074/api/problems/{id}

	UpvoteProblem: [POST] http://localhost:7074/api/problems/{id}/upvote

	WalletById: [DELETE] http://localhost:7074/api/user/wallets/{wallet_id}

	Wallets: [GET,POST] http://localhost:7074/api/user/wallets

For detailed output, run func with --verbose flag.
[2026-03-19T01:30:38.728Z] Executing 'Functions.DeleteProblem' (Reason='This function was programmatically called via the host APIs.', Id=a9af41f2-e0f9-4fbe-9f41-278b002f6c0f)
[2026-03-19T01:30:38.787Z] [WARNING] Using MOCK in-memory database (local development mode)
[2026-03-19T01:30:38.790Z]    To use real Cosmos DB, set COSMOS_ENDPOINT and COSMOS_KEY in local.settings.json
[2026-03-19T01:30:38.797Z] User test-user authenticated successfully
[2026-03-19T01:30:38.800Z] Database error: Post with id 11111111-1111-1111-1111-111111111111 not found
[2026-03-19T01:30:38.832Z] Executed 'Functions.DeleteProblem' (Succeeded, Id=a9af41f2-e0f9-4fbe-9f41-278b002f6c0f, Duration=134ms)
[2026-03-19T02:07:04.577Z] [Tag=''] Process reporting unhealthy: Unhealthy. Health check entries are {"azure.functions.web_host.lifecycle":{"status":"Healthy","description":null},"azure.functions.script_host.lifecycle":{"status":"Healthy","description":null},"azure.functions.webjobs.storage":{"status":"Unhealthy","description":"Unable to access AzureWebJobsStorage","errorCode":null}}
[2026-03-19T02:07:34.581Z] [Tag=''] Process reporting unhealthy: Unhealthy. Health check entries are {"azure.functions.web_host.lifecycle":{"status":"Healthy","description":null},"azure.functions.script_host.lifecycle":{"status":"Healthy","description":null},"azure.functions.webjobs.storage":{"status":"Unhealthy","description":"Unable to access AzureWebJobsStorage","errorCode":null}}
[2026-03-19T02:08:04.571Z] [Tag=''] Process reporting unhealthy: Unhealthy. Health check entries are {"azure.functions.web_host.lifecycle":{"status":"Healthy","description":null},"azure.functions.script_host.lifecycle":{"status":"Healthy","description":null},"azure.functions.webjobs.storage":{"status":"Unhealthy","description":"Unable to access AzureWebJobsStorage","errorCode":null}}
[2026-03-19T02:08:34.574Z] [Tag=''] Process reporting unhealthy: Unhealthy. Health check entries are {"azure.functions.web_host.lifecycle":{"status":"Healthy","description":null},"azure.functions.script_host.lifecycle":{"status":"Healthy","description":null},"azure.functions.webjobs.storage":{"status":"Unhealthy","description":"Unable to access AzureWebJobsStorage","errorCode":null}}
[2026-03-19T02:09:04.575Z] [Tag=''] Process reporting unhealthy: Unhealthy. Health check entries are {"azure.functions.web_host.lifecycle":{"status":"Healthy","description":null},"azure.functions.script_host.lifecycle":{"status":"Healthy","description":null},"azure.functions.webjobs.storage":{"status":"Unhealthy","description":"Unable to access AzureWebJobsStorage","errorCode":null}}
[2026-03-19T02:09:34.575Z] [Tag=''] Process reporting unhealthy: Unhealthy. Health check entries are {"azure.functions.web_host.lifecycle":{"status":"Healthy","description":null},"azure.functions.script_host.lifecycle":{"status":"Healthy","description":null},"azure.functions.webjobs.storage":{"status":"Unhealthy","description":"Unable to access AzureWebJobsStorage","errorCode":null}}
[2026-03-19T02:10:04.569Z] [Tag=''] Process reporting unhealthy: Unhealthy. Health check entries are {"azure.functions.web_host.lifecycle":{"status":"Healthy","description":null},"azure.functions.script_host.lifecycle":{"status":"Healthy","description":null},"azure.functions.webjobs.storage":{"status":"Unhealthy","description":"Unable to access AzureWebJobsStorage","errorCode":null}}
[2026-03-19T02:10:34.575Z] [Tag=''] Process reporting unhealthy: Unhealthy. Health check entries are {"azure.functions.web_host.lifecycle":{"status":"Healthy","description":null},"azure.functions.script_host.lifecycle":{"status":"Healthy","description":null},"azure.functions.webjobs.storage":{"status":"Unhealthy","description":"Unable to access AzureWebJobsStorage","errorCode":null}}
[2026-03-19T02:11:04.572Z] [Tag=''] Process reporting unhealthy: Unhealthy. Health check entries are {"azure.functions.web_host.lifecycle":{"status":"Healthy","description":null},"azure.functions.script_host.lifecycle":{"status":"Healthy","description":null},"azure.functions.webjobs.storage":{"status":"Unhealthy","description":"Unable to access AzureWebJobsStorage","errorCode":null}}
[2026-03-19T02:11:34.573Z] [Tag=''] Process reporting unhealthy: Unhealthy. Health check entries are {"azure.functions.web_host.lifecycle":{"status":"Healthy","description":null},"azure.functions.script_host.lifecycle":{"status":"Healthy","description":null},"azure.functions.webjobs.storage":{"status":"Unhealthy","description":"Unable to access AzureWebJobsStorage","errorCode":null}}
[2026-03-19T02:12:04.577Z] [Tag=''] Process reporting unhealthy: Unhealthy. Health check entries are {"azure.functions.web_host.lifecycle":{"status":"Healthy","description":null},"azure.functions.script_host.lifecycle":{"status":"Healthy","description":null},"azure.functions.webjobs.storage":{"status":"Unhealthy","description":"Unable to access AzureWebJobsStorage","errorCode":null}}
[2026-03-19T02:12:34.580Z] [Tag=''] Process reporting unhealthy: Unhealthy. Health check entries are {"azure.functions.web_host.lifecycle":{"status":"Healthy","description":null},"azure.functions.script_host.lifecycle":{"status":"Healthy","description":null},"azure.functions.webjobs.storage":{"status":"Unhealthy","description":"Unable to access AzureWebJobsStorage","errorCode":null}}
[2026-03-19T02:13:04.569Z] [Tag=''] Process reporting unhealthy: Unhealthy. Health check entries are {"azure.functions.web_host.lifecycle":{"status":"Healthy","description":null},"azure.functions.script_host.lifecycle":{"status":"Healthy","description":null},"azure.functions.webjobs.storage":{"status":"Unhealthy","description":"Unable to access AzureWebJobsStorage","errorCode":null}}
[2026-03-19T02:13:34.582Z] [Tag=''] Process reporting unhealthy: Unhealthy. Health check entries are {"azure.functions.web_host.lifecycle":{"status":"Healthy","description":null},"azure.functions.script_host.lifecycle":{"status":"Healthy","description":null},"azure.functions.webjobs.storage":{"status":"Unhealthy","description":"Unable to access AzureWebJobsStorage","errorCode":null}}
[2026-03-19T02:14:04.578Z] [Tag=''] Process reporting unhealthy: Unhealthy. Health check entries are {"azure.functions.web_host.lifecycle":{"status":"Healthy","description":null},"azure.functions.script_host.lifecycle":{"status":"Healthy","description":null},"azure.functions.webjobs.storage":{"status":"Unhealthy","description":"Unable to access AzureWebJobsStorage","errorCode":null}}
[2026-03-19T02:14:34.580Z] [Tag=''] Process reporting unhealthy: Unhealthy. Health check entries are {"azure.functions.web_host.lifecycle":{"status":"Healthy","description":null},"azure.functions.script_host.lifecycle":{"status":"Healthy","description":null},"azure.functions.webjobs.storage":{"status":"Unhealthy","description":"Unable to access AzureWebJobsStorage","errorCode":null}}
[2026-03-19T02:15:04.582Z] [Tag=''] Process reporting unhealthy: Unhealthy. Health check entries are {"azure.functions.web_host.lifecycle":{"status":"Healthy","description":null},"azure.functions.script_host.lifecycle":{"status":"Healthy","description":null},"azure.functions.webjobs.storage":{"status":"Unhealthy","description":"Unable to access AzureWebJobsStorage","errorCode":null}}
[2026-03-19T02:15:34.577Z] [Tag=''] Process reporting unhealthy: Unhealthy. Health check entries are {"azure.functions.web_host.lifecycle":{"status":"Healthy","description":null},"azure.functions.script_host.lifecycle":{"status":"Healthy","description":null},"azure.functions.webjobs.storage":{"status":"Unhealthy","description":"Unable to access AzureWebJobsStorage","errorCode":null}}
[2026-03-19T02:16:04.582Z] [Tag=''] Process reporting unhealthy: Unhealthy. Health check entries are {"azure.functions.web_host.lifecycle":{"status":"Healthy","description":null},"azure.functions.script_host.lifecycle":{"status":"Healthy","description":null},"azure.functions.webjobs.storage":{"status":"Unhealthy","description":"Unable to access AzureWebJobsStorage","errorCode":null}}
[2026-03-19T02:16:34.580Z] [Tag=''] Process reporting unhealthy: Unhealthy. Health check entries are {"azure.functions.web_host.lifecycle":{"status":"Healthy","description":null},"azure.functions.script_host.lifecycle":{"status":"Healthy","description":null},"azure.functions.webjobs.storage":{"status":"Unhealthy","description":"Unable to access AzureWebJobsStorage","errorCode":null}}
[2026-03-19T02:17:04.574Z] [Tag=''] Process reporting unhealthy: Unhealthy. Health check entries are {"azure.functions.web_host.lifecycle":{"status":"Healthy","description":null},"azure.functions.script_host.lifecycle":{"status":"Healthy","description":null},"azure.functions.webjobs.storage":{"status":"Unhealthy","description":"Unable to access AzureWebJobsStorage","errorCode":null}}
[2026-03-19T02:17:34.579Z] [Tag=''] Process reporting unhealthy: Unhealthy. Health check entries are {"azure.functions.web_host.lifecycle":{"status":"Healthy","description":null},"azure.functions.script_host.lifecycle":{"status":"Healthy","description":null},"azure.functions.webjobs.storage":{"status":"Unhealthy","description":"Unable to access AzureWebJobsStorage","errorCode":null}}
[2026-03-19T02:18:04.572Z] [Tag=''] Process reporting unhealthy: Unhealthy. Health check entries are {"azure.functions.web_host.lifecycle":{"status":"Healthy","description":null},"azure.functions.script_host.lifecycle":{"status":"Healthy","description":null},"azure.functions.webjobs.storage":{"status":"Unhealthy","description":"Unable to access AzureWebJobsStorage","errorCode":null}}
[2026-03-19T02:18:34.579Z] [Tag=''] Process reporting unhealthy: Unhealthy. Health check entries are {"azure.functions.web_host.lifecycle":{"status":"Healthy","description":null},"azure.functions.script_host.lifecycle":{"status":"Healthy","description":null},"azure.functions.webjobs.storage":{"status":"Unhealthy","description":"Unable to access AzureWebJobsStorage","errorCode":null}}
[2026-03-19T02:19:04.581Z] [Tag=''] Process reporting unhealthy: Unhealthy. Health check entries are {"azure.functions.web_host.lifecycle":{"status":"Healthy","description":null},"azure.functions.script_host.lifecycle":{"status":"Healthy","description":null},"azure.functions.webjobs.storage":{"status":"Unhealthy","description":"Unable to access AzureWebJobsStorage","errorCode":null}}
[2026-03-19T02:19:34.579Z] [Tag=''] Process reporting unhealthy: Unhealthy. Health check entries are {"azure.functions.web_host.lifecycle":{"status":"Healthy","description":null},"azure.functions.script_host.lifecycle":{"status":"Healthy","description":null},"azure.functions.webjobs.storage":{"status":"Unhealthy","description":"Unable to access AzureWebJobsStorage","errorCode":null}}
[2026-03-19T02:20:04.569Z] [Tag=''] Process reporting unhealthy: Unhealthy. Health check entries are {"azure.functions.web_host.lifecycle":{"status":"Healthy","description":null},"azure.functions.script_host.lifecycle":{"status":"Healthy","description":null},"azure.functions.webjobs.storage":{"status":"Unhealthy","description":"Unable to access AzureWebJobsStorage","errorCode":null}}
[2026-03-19T02:20:34.568Z] [Tag=''] Process reporting unhealthy: Unhealthy. Health check entries are {"azure.functions.web_host.lifecycle":{"status":"Healthy","description":null},"azure.functions.script_host.lifecycle":{"status":"Healthy","description":null},"azure.functions.webjobs.storage":{"status":"Unhealthy","description":"Unable to access AzureWebJobsStorage","errorCode":null}}
[2026-03-19T02:21:04.582Z] [Tag=''] Process reporting unhealthy: Unhealthy. Health check entries are {"azure.functions.web_host.lifecycle":{"status":"Healthy","description":null},"azure.functions.script_host.lifecycle":{"status":"Healthy","description":null},"azure.functions.webjobs.storage":{"status":"Unhealthy","description":"Unable to access AzureWebJobsStorage","errorCode":null}}
[2026-03-19T02:21:34.578Z] [Tag=''] Process reporting unhealthy: Unhealthy. Health check entries are {"azure.functions.web_host.lifecycle":{"status":"Healthy","description":null},"azure.functions.script_host.lifecycle":{"status":"Healthy","description":null},"azure.functions.webjobs.storage":{"status":"Unhealthy","description":"Unable to access AzureWebJobsStorage","errorCode":null}}
[2026-03-19T02:22:04.574Z] [Tag=''] Process reporting unhealthy: Unhealthy. Health check entries are {"azure.functions.web_host.lifecycle":{"status":"Healthy","description":null},"azure.functions.script_host.lifecycle":{"status":"Healthy","description":null},"azure.functions.webjobs.storage":{"status":"Unhealthy","description":"Unable to access AzureWebJobsStorage","errorCode":null}}
[2026-03-19T02:22:34.573Z] [Tag=''] Process reporting unhealthy: Unhealthy. Health check entries are {"azure.functions.web_host.lifecycle":{"status":"Healthy","description":null},"azure.functions.script_host.lifecycle":{"status":"Healthy","description":null},"azure.functions.webjobs.storage":{"status":"Unhealthy","description":"Unable to access AzureWebJobsStorage","errorCode":null}}
[2026-03-19T02:23:04.569Z] [Tag=''] Process reporting unhealthy: Unhealthy. Health check entries are {"azure.functions.web_host.lifecycle":{"status":"Healthy","description":null},"azure.functions.script_host.lifecycle":{"status":"Healthy","description":null},"azure.functions.webjobs.storage":{"status":"Unhealthy","description":"Unable to access AzureWebJobsStorage","errorCode":null}}
[2026-03-19T02:23:34.582Z] [Tag=''] Process reporting unhealthy: Unhealthy. Health check entries are {"azure.functions.web_host.lifecycle":{"status":"Healthy","description":null},"azure.functions.script_host.lifecycle":{"status":"Healthy","description":null},"azure.functions.webjobs.storage":{"status":"Unhealthy","description":"Unable to access AzureWebJobsStorage","errorCode":null}}
[2026-03-19T02:24:04.569Z] [Tag=''] Process reporting unhealthy: Unhealthy. Health check entries are {"azure.functions.web_host.lifecycle":{"status":"Healthy","description":null},"azure.functions.script_host.lifecycle":{"status":"Healthy","description":null},"azure.functions.webjobs.storage":{"status":"Unhealthy","description":"Unable to access AzureWebJobsStorage","errorCode":null}}
[2026-03-19T02:24:34.572Z] [Tag=''] Process reporting unhealthy: Unhealthy. Health check entries are {"azure.functions.web_host.lifecycle":{"status":"Healthy","description":null},"azure.functions.script_host.lifecycle":{"status":"Healthy","description":null},"azure.functions.webjobs.storage":{"status":"Unhealthy","description":"Unable to access AzureWebJobsStorage","errorCode":null}}
[2026-03-19T02:25:04.578Z] [Tag=''] Process reporting unhealthy: Unhealthy. Health check entries are {"azure.functions.web_host.lifecycle":{"status":"Healthy","description":null},"azure.functions.script_host.lifecycle":{"status":"Healthy","description":null},"azure.functions.webjobs.storage":{"status":"Unhealthy","description":"Unable to access AzureWebJobsStorage","errorCode":null}}
[2026-03-19T02:25:34.582Z] [Tag=''] Process reporting unhealthy: Unhealthy. Health check entries are {"azure.functions.web_host.lifecycle":{"status":"Healthy","description":null},"azure.functions.script_host.lifecycle":{"status":"Healthy","description":null},"azure.functions.webjobs.storage":{"status":"Unhealthy","description":"Unable to access AzureWebJobsStorage","errorCode":null}}
[2026-03-19T02:26:04.580Z] [Tag=''] Process reporting unhealthy: Unhealthy. Health check entries are {"azure.functions.web_host.lifecycle":{"status":"Healthy","description":null},"azure.functions.script_host.lifecycle":{"status":"Healthy","description":null},"azure.functions.webjobs.storage":{"status":"Unhealthy","description":"Unable to access AzureWebJobsStorage","errorCode":null}}
[2026-03-19T02:26:34.582Z] [Tag=''] Process reporting unhealthy: Unhealthy. Health check entries are {"azure.functions.web_host.lifecycle":{"status":"Healthy","description":null},"azure.functions.script_host.lifecycle":{"status":"Healthy","description":null},"azure.functions.webjobs.storage":{"status":"Unhealthy","description":"Unable to access AzureWebJobsStorage","errorCode":null}}
[2026-03-19T02:27:04.574Z] [Tag=''] Process reporting unhealthy: Unhealthy. Health check entries are {"azure.functions.web_host.lifecycle":{"status":"Healthy","description":null},"azure.functions.script_host.lifecycle":{"status":"Healthy","description":null},"azure.functions.webjobs.storage":{"status":"Unhealthy","description":"Unable to access AzureWebJobsStorage","errorCode":null}}
[2026-03-19T02:27:34.582Z] [Tag=''] Process reporting unhealthy: Unhealthy. Health check entries are {"azure.functions.web_host.lifecycle":{"status":"Healthy","description":null},"azure.functions.script_host.lifecycle":{"status":"Healthy","description":null},"azure.functions.webjobs.storage":{"status":"Unhealthy","description":"Unable to access AzureWebJobsStorage","errorCode":null}}
[2026-03-19T02:28:04.568Z] [Tag=''] Process reporting unhealthy: Unhealthy. Health check entries are {"azure.functions.web_host.lifecycle":{"status":"Healthy","description":null},"azure.functions.script_host.lifecycle":{"status":"Healthy","description":null},"azure.functions.webjobs.storage":{"status":"Unhealthy","description":"Unable to access AzureWebJobsStorage","errorCode":null}}
[2026-03-19T02:28:34.574Z] [Tag=''] Process reporting unhealthy: Unhealthy. Health check entries are {"azure.functions.web_host.lifecycle":{"status":"Healthy","description":null},"azure.functions.script_host.lifecycle":{"status":"Healthy","description":null},"azure.functions.webjobs.storage":{"status":"Unhealthy","description":"Unable to access AzureWebJobsStorage","errorCode":null}}
[2026-03-19T02:29:04.577Z] [Tag=''] Process reporting unhealthy: Unhealthy. Health check entries are {"azure.functions.web_host.lifecycle":{"status":"Healthy","description":null},"azure.functions.script_host.lifecycle":{"status":"Healthy","description":null},"azure.functions.webjobs.storage":{"status":"Unhealthy","description":"Unable to access AzureWebJobsStorage","errorCode":null}}
[2026-03-19T02:29:34.581Z] [Tag=''] Process reporting unhealthy: Unhealthy. Health check entries are {"azure.functions.web_host.lifecycle":{"status":"Healthy","description":null},"azure.functions.script_host.lifecycle":{"status":"Healthy","description":null},"azure.functions.webjobs.storage":{"status":"Unhealthy","description":"Unable to access AzureWebJobsStorage","errorCode":null}}
[2026-03-19T02:30:04.572Z] [Tag=''] Process reporting unhealthy: Unhealthy. Health check entries are {"azure.functions.web_host.lifecycle":{"status":"Healthy","description":null},"azure.functions.script_host.lifecycle":{"status":"Healthy","description":null},"azure.functions.webjobs.storage":{"status":"Unhealthy","description":"Unable to access AzureWebJobsStorage","errorCode":null}}
[2026-03-19T02:30:34.578Z] [Tag=''] Process reporting unhealthy: Unhealthy. Health check entries are {"azure.functions.web_host.lifecycle":{"status":"Healthy","description":null},"azure.functions.script_host.lifecycle":{"status":"Healthy","description":null},"azure.functions.webjobs.storage":{"status":"Unhealthy","description":"Unable to access AzureWebJobsStorage","errorCode":null}}
[2026-03-19T02:31:04.570Z] [Tag=''] Process reporting unhealthy: Unhealthy. Health check entries are {"azure.functions.web_host.lifecycle":{"status":"Healthy","description":null},"azure.functions.script_host.lifecycle":{"status":"Healthy","description":null},"azure.functions.webjobs.storage":{"status":"Unhealthy","description":"Unable to access AzureWebJobsStorage","errorCode":null}}
[2026-03-19T02:31:34.575Z] [Tag=''] Process reporting unhealthy: Unhealthy. Health check entries are {"azure.functions.web_host.lifecycle":{"status":"Healthy","description":null},"azure.functions.script_host.lifecycle":{"status":"Healthy","description":null},"azure.functions.webjobs.storage":{"status":"Unhealthy","description":"Unable to access AzureWebJobsStorage","errorCode":null}}
[2026-03-19T02:32:04.569Z] [Tag=''] Process reporting unhealthy: Unhealthy. Health check entries are {"azure.functions.web_host.lifecycle":{"status":"Healthy","description":null},"azure.functions.script_host.lifecycle":{"status":"Healthy","description":null},"azure.functions.webjobs.storage":{"status":"Unhealthy","description":"Unable to access AzureWebJobsStorage","errorCode":null}}
[2026-03-19T02:32:34.570Z] [Tag=''] Process reporting unhealthy: Unhealthy. Health check entries are {"azure.functions.web_host.lifecycle":{"status":"Healthy","description":null},"azure.functions.script_host.lifecycle":{"status":"Healthy","description":null},"azure.functions.webjobs.storage":{"status":"Unhealthy","description":"Unable to access AzureWebJobsStorage","errorCode":null}}
[2026-03-19T02:33:04.571Z] [Tag=''] Process reporting unhealthy: Unhealthy. Health check entries are {"azure.functions.web_host.lifecycle":{"status":"Healthy","description":null},"azure.functions.script_host.lifecycle":{"status":"Healthy","description":null},"azure.functions.webjobs.storage":{"status":"Unhealthy","description":"Unable to access AzureWebJobsStorage","errorCode":null}}
[2026-03-19T02:33:34.571Z] [Tag=''] Process reporting unhealthy: Unhealthy. Health check entries are {"azure.functions.web_host.lifecycle":{"status":"Healthy","description":null},"azure.functions.script_host.lifecycle":{"status":"Healthy","description":null},"azure.functions.webjobs.storage":{"status":"Unhealthy","description":"Unable to access AzureWebJobsStorage","errorCode":null}}
[2026-03-19T02:34:04.568Z] [Tag=''] Process reporting unhealthy: Unhealthy. Health check entries are {"azure.functions.web_host.lifecycle":{"status":"Healthy","description":null},"azure.functions.script_host.lifecycle":{"status":"Healthy","description":null},"azure.functions.webjobs.storage":{"status":"Unhealthy","description":"Unable to access AzureWebJobsStorage","errorCode":null}}
[2026-03-19T02:34:34.580Z] [Tag=''] Process reporting unhealthy: Unhealthy. Health check entries are {"azure.functions.web_host.lifecycle":{"status":"Healthy","description":null},"azure.functions.script_host.lifecycle":{"status":"Healthy","description":null},"azure.functions.webjobs.storage":{"status":"Unhealthy","description":"Unable to access AzureWebJobsStorage","errorCode":null}}
[2026-03-19T02:35:04.569Z] [Tag=''] Process reporting unhealthy: Unhealthy. Health check entries are {"azure.functions.web_host.lifecycle":{"status":"Healthy","description":null},"azure.functions.script_host.lifecycle":{"status":"Healthy","description":null},"azure.functions.webjobs.storage":{"status":"Unhealthy","description":"Unable to access AzureWebJobsStorage","errorCode":null}}
[2026-03-19T02:35:34.580Z] [Tag=''] Process reporting unhealthy: Unhealthy. Health check entries are {"azure.functions.web_host.lifecycle":{"status":"Healthy","description":null},"azure.functions.script_host.lifecycle":{"status":"Healthy","description":null},"azure.functions.webjobs.storage":{"status":"Unhealthy","description":"Unable to access AzureWebJobsStorage","errorCode":null}}
[2026-03-19T02:36:04.567Z] [Tag=''] Process reporting unhealthy: Unhealthy. Health check entries are {"azure.functions.web_host.lifecycle":{"status":"Healthy","description":null},"azure.functions.script_host.lifecycle":{"status":"Healthy","description":null},"azure.functions.webjobs.storage":{"status":"Unhealthy","description":"Unable to access AzureWebJobsStorage","errorCode":null}}
[2026-03-19T02:36:34.572Z] [Tag=''] Process reporting unhealthy: Unhealthy. Health check entries are {"azure.functions.web_host.lifecycle":{"status":"Healthy","description":null},"azure.functions.script_host.lifecycle":{"status":"Healthy","description":null},"azure.functions.webjobs.storage":{"status":"Unhealthy","description":"Unable to access AzureWebJobsStorage","errorCode":null}}
[2026-03-19T02:37:04.574Z] [Tag=''] Process reporting unhealthy: Unhealthy. Health check entries are {"azure.functions.web_host.lifecycle":{"status":"Healthy","description":null},"azure.functions.script_host.lifecycle":{"status":"Healthy","description":null},"azure.functions.webjobs.storage":{"status":"Unhealthy","description":"Unable to access AzureWebJobsStorage","errorCode":null}}
